May 31 17:00:01 fatal: not a git repository (or any of the parent directories): .git
Jun 01 17:00:01 fatal: not a git repository (or any of the parent directories): .git
Jun 02 17:00:01 fatal: not a git repository (or any of the parent directories): .git
Jun 03 17:00:01 fatal: not a git repository (or any of the parent directories): .git
Jun 04 17:00:01 fatal: not a git repository (or any of the parent directories): .git
Jun 05 13:15:01 error: cannot pull with rebase: You have unstaged changes.
Jun 05 13:15:01 error: please commit or stash them.
Jun 05 13:20:01 error: cannot pull with rebase: You have unstaged changes.
Jun 05 13:20:01 error: please commit or stash them.
Jun 05 13:25:01 error: cannot pull with rebase: You have unstaged changes.
Jun 05 13:25:01 error: please commit or stash them.
Jun 05 13:30:01 error: cannot pull with rebase: You have unstaged changes.
Jun 05 13:30:01 error: please commit or stash them.
Jun 05 13:35:01 error: cannot pull with rebase: You have unstaged changes.
Jun 05 13:35:01 error: please commit or stash them.
Jun 05 13:40:01 error: cannot pull with rebase: You have unstaged changes.
Jun 05 13:40:01 error: please commit or stash them.
Jun 05 13:45:01 error: cannot pull with rebase: You have unstaged changes.
Jun 05 13:45:01 error: please commit or stash them.
Jun 05 13:50:01 error: cannot pull with rebase: You have unstaged changes.
Jun 05 13:50:01 error: please commit or stash them.
Jun 05 13:55:01 error: cannot pull with rebase: You have unstaged changes.
Jun 05 13:55:01 error: please commit or stash them.
Jun 05 14:00:01 error: cannot pull with rebase: You have unstaged changes.
Jun 05 14:00:01 error: please commit or stash them.
Jun 05 14:05:02 error: cannot pull with rebase: You have unstaged changes.
Jun 05 14:05:02 error: please commit or stash them.
Jun 05 14:10:01 error: cannot pull with rebase: You have unstaged changes.
Jun 05 14:10:01 error: please commit or stash them.
Jun 05 14:15:01 error: cannot pull with rebase: You have unstaged changes.
Jun 05 14:15:01 error: please commit or stash them.
Jun 05 14:20:01 From https://github.com/KirbyPaint/speedtest
Jun 05 14:20:01  * branch            main       -> FETCH_HEAD
Jun 05 14:20:01    9ca65cb..28a7b8c  main       -> origin/main
Jun 05 14:20:01 error: cannot rebase: You have unstaged changes.
Jun 05 14:20:01 error: Please commit or stash them.
Jun 05 14:25:01 error: cannot pull with rebase: You have unstaged changes.
Jun 05 14:25:01 error: please commit or stash them.
Jun 05 14:30:01 error: cannot pull with rebase: You have unstaged changes.
Jun 05 14:30:01 error: please commit or stash them.
Jun 05 14:35:01 error: cannot pull with rebase: Your index contains uncommitted changes.
Jun 05 14:35:01 error: please commit or stash them.
Jun 05 14:40:01 error: cannot pull with rebase: You have unstaged changes.
Jun 05 14:40:01 error: additionally, your index contains uncommitted changes.
Jun 05 14:40:01 error: please commit or stash them.
Jun 05 14:45:01 error: cannot pull with rebase: You have unstaged changes.
Jun 05 14:45:01 error: additionally, your index contains uncommitted changes.
Jun 05 14:45:01 error: please commit or stash them.
Jun 05 14:50:01 error: cannot pull with rebase: You have unstaged changes.
Jun 05 14:50:01 error: additionally, your index contains uncommitted changes.
Jun 05 14:50:01 error: please commit or stash them.
Jun 05 14:55:01 error: cannot pull with rebase: You have unstaged changes.
Jun 05 14:55:01 error: additionally, your index contains uncommitted changes.
Jun 05 14:55:01 error: please commit or stash them.
Jun 05 15:00:01 error: cannot pull with rebase: You have unstaged changes.
Jun 05 15:00:01 error: additionally, your index contains uncommitted changes.
Jun 05 15:00:01 error: please commit or stash them.
Jun 05 15:05:01 error: cannot pull with rebase: You have unstaged changes.
Jun 05 15:05:01 error: additionally, your index contains uncommitted changes.
Jun 05 15:05:01 error: please commit or stash them.
Jun 05 15:10:01 error: cannot pull with rebase: You have unstaged changes.
Jun 05 15:10:01 error: additionally, your index contains uncommitted changes.
Jun 05 15:10:01 error: please commit or stash them.
Jun 05 15:15:01 error: cannot pull with rebase: You have unstaged changes.
Jun 05 15:15:01 error: additionally, your index contains uncommitted changes.
Jun 05 15:15:01 error: please commit or stash them.
Jun 05 17:00:01 error: cannot pull with rebase: You have unstaged changes.
Jun 05 17:00:01 error: additionally, your index contains uncommitted changes.
Jun 05 17:00:01 error: please commit or stash them.
Jun 06 17:00:01 error: cannot pull with rebase: You have unstaged changes.
Jun 06 17:00:01 error: additionally, your index contains uncommitted changes.
Jun 06 17:00:01 error: please commit or stash them.
Jun 07 17:00:01 error: cannot pull with rebase: You have unstaged changes.
Jun 07 17:00:01 error: additionally, your index contains uncommitted changes.
Jun 07 17:00:01 error: please commit or stash them.
Jun 08 14:00:01 [updates abc27f7] prelim safety commit
Jun 08 14:00:01  1 file changed, 1 insertion(+), 1 deletion(-)
Jun 08 14:00:01 fatal: unable to access 'https://github.com/KirbyPaint/speedtest.git/': Could not resolve host: github.com
Jun 08 14:05:01 On branch updates
Jun 08 14:05:01 nothing to commit, working tree clean
Jun 08 14:10:01 On branch updates
Jun 08 14:10:01 nothing to commit, working tree clean
Jun 08 14:15:01 On branch updates
Jun 08 14:15:01 nothing to commit, working tree clean
Jun 08 14:20:01 On branch updates
Jun 08 14:20:01 nothing to commit, working tree clean
Jun 08 14:25:01 On branch updates
Jun 08 14:25:01 nothing to commit, working tree clean
Jun 08 14:30:01 On branch updates
Jun 08 14:30:01 nothing to commit, working tree clean
Jun 08 14:35:01 On branch updates
Jun 08 14:35:01 nothing to commit, working tree clean
Jun 08 14:40:01 On branch updates
Jun 08 14:40:01 nothing to commit, working tree clean
Jun 08 14:45:01 On branch updates
Jun 08 14:45:01 nothing to commit, working tree clean
Jun 08 14:50:01 On branch updates
Jun 08 14:50:01 nothing to commit, working tree clean
Jun 08 14:55:01 On branch updates
Jun 08 14:55:01 nothing to commit, working tree clean
Jun 08 15:00:01 On branch updates
Jun 08 15:00:01 nothing to commit, working tree clean
Jun 08 15:05:01 On branch updates
Jun 08 15:05:01 nothing to commit, working tree clean
Jun 08 15:10:01 On branch updates
Jun 08 15:10:01 nothing to commit, working tree clean
Jun 08 15:15:01 On branch updates
Jun 08 15:15:01 nothing to commit, working tree clean
Jun 08 15:20:01 On branch updates
Jun 08 15:20:01 nothing to commit, working tree clean
Jun 08 15:30:01 On branch updates
Jun 08 15:30:01 nothing to commit, working tree clean
Jun 08 15:35:01 On branch updates
Jun 08 15:35:01 nothing to commit, working tree clean
Jun 08 15:40:01 On branch updates
Jun 08 15:40:01 nothing to commit, working tree clean
Jun 08 15:45:01 On branch updates
Jun 08 15:45:01 nothing to commit, working tree clean
Jun 08 15:50:01 On branch updates
Jun 08 15:50:01 nothing to commit, working tree clean
Jun 08 15:55:01 On branch updates
Jun 08 15:55:01 nothing to commit, working tree clean
Jun 08 16:00:01 On branch updates
Jun 08 16:00:01 nothing to commit, working tree clean
Jun 08 16:05:01 On branch updates
Jun 08 16:05:01 nothing to commit, working tree clean
Jun 08 16:10:02 On branch updates
Jun 08 16:10:02 nothing to commit, working tree clean
Jun 08 16:15:01 On branch updates
Jun 08 16:15:01 nothing to commit, working tree clean
Jun 08 16:20:01 On branch updates
Jun 08 16:20:01 nothing to commit, working tree clean
Jun 08 16:25:01 On branch updates
Jun 08 16:25:01 nothing to commit, working tree clean
Jun 08 16:30:01 On branch updates
Jun 08 16:30:01 nothing to commit, working tree clean
Jun 08 16:35:01 On branch updates
Jun 08 16:35:01 nothing to commit, working tree clean
Jun 08 16:40:01 On branch updates
Jun 08 16:40:01 nothing to commit, working tree clean
Jun 08 16:45:01 On branch updates
Jun 08 16:45:01 nothing to commit, working tree clean
Jun 08 16:50:01 On branch updates
Jun 08 16:50:01 nothing to commit, working tree clean
Jun 08 16:55:01 On branch updates
Jun 08 16:55:01 nothing to commit, working tree clean
Jun 08 17:00:01 On branch updates
Jun 08 17:00:01 nothing to commit, working tree clean
Jun 08 17:05:01 On branch updates
Jun 08 17:05:01 nothing to commit, working tree clean
Jun 08 17:10:01 On branch updates
Jun 08 17:10:01 nothing to commit, working tree clean
Jun 08 17:15:01 On branch updates
Jun 08 17:15:01 nothing to commit, working tree clean
Jun 08 17:20:01 On branch updates
Jun 08 17:20:01 nothing to commit, working tree clean
Jun 08 17:25:01 On branch updates
Jun 08 17:25:01 nothing to commit, working tree clean
Jun 08 17:30:01 On branch updates
Jun 08 17:30:01 nothing to commit, working tree clean
Jun 08 17:35:01 On branch updates
Jun 08 17:35:01 nothing to commit, working tree clean
Jun 08 17:40:01 On branch updates
Jun 08 17:40:01 nothing to commit, working tree clean
Jun 08 17:45:01 On branch updates
Jun 08 17:45:01 nothing to commit, working tree clean
Jun 08 17:50:01 On branch updates
Jun 08 17:50:01 nothing to commit, working tree clean
Jun 08 17:55:01 On branch updates
Jun 08 17:55:01 nothing to commit, working tree clean
Jun 08 18:00:01 On branch updates
Jun 08 18:00:01 nothing to commit, working tree clean
Jun 08 18:05:01 On branch updates
Jun 08 18:05:01 nothing to commit, working tree clean
Jun 08 18:10:02 On branch updates
Jun 08 18:10:02 nothing to commit, working tree clean
Jun 08 18:15:01 On branch updates
Jun 08 18:15:01 nothing to commit, working tree clean
Jun 08 18:20:01 On branch updates
Jun 08 18:20:01 nothing to commit, working tree clean
Jun 08 18:25:01 On branch updates
Jun 08 18:25:01 nothing to commit, working tree clean
Jun 08 18:30:01 On branch updates
Jun 08 18:30:01 nothing to commit, working tree clean
Jun 08 18:35:01 On branch updates
Jun 08 18:35:01 nothing to commit, working tree clean
Jun 08 18:40:01 On branch updates
Jun 08 18:40:01 nothing to commit, working tree clean
Jun 08 18:45:01 On branch updates
Jun 08 18:45:01 nothing to commit, working tree clean
Jun 08 18:50:01 On branch updates
Jun 08 18:50:01 nothing to commit, working tree clean
Jun 08 18:55:01 On branch updates
Jun 08 18:55:01 nothing to commit, working tree clean
Jun 08 19:00:01 On branch updates
Jun 08 19:00:01 nothing to commit, working tree clean
Jun 08 19:05:01 On branch updates
Jun 08 19:05:01 nothing to commit, working tree clean
Jun 08 19:10:01 On branch updates
Jun 08 19:10:01 nothing to commit, working tree clean
Jun 08 19:15:01 On branch updates
Jun 08 19:15:01 nothing to commit, working tree clean
Jun 08 19:20:01 On branch updates
Jun 08 19:20:01 nothing to commit, working tree clean
Jun 08 19:25:01 On branch updates
Jun 08 19:25:01 nothing to commit, working tree clean
Jun 08 19:30:01 On branch updates
Jun 08 19:30:01 nothing to commit, working tree clean
Jun 08 19:35:01 On branch updates
Jun 08 19:35:01 nothing to commit, working tree clean
Jun 08 19:40:01 On branch updates
Jun 08 19:40:01 nothing to commit, working tree clean
Jun 08 19:45:01 On branch updates
Jun 08 19:45:01 nothing to commit, working tree clean
Jun 08 19:50:01 On branch updates
Jun 08 19:50:01 nothing to commit, working tree clean
Jun 08 19:55:01 On branch updates
Jun 08 19:55:01 nothing to commit, working tree clean
Jun 08 20:00:01 On branch updates
Jun 08 20:00:01 nothing to commit, working tree clean
Jun 08 20:05:01 On branch updates
Jun 08 20:05:01 nothing to commit, working tree clean
Jun 08 20:10:01 On branch updates
Jun 08 20:10:01 nothing to commit, working tree clean
Jun 08 20:15:01 On branch updates
Jun 08 20:15:01 nothing to commit, working tree clean
Jun 08 20:20:01 On branch updates
Jun 08 20:20:01 nothing to commit, working tree clean
Jun 08 20:25:01 On branch updates
Jun 08 20:25:01 nothing to commit, working tree clean
Jun 08 20:30:01 On branch updates
Jun 08 20:30:01 nothing to commit, working tree clean
Jun 08 20:35:01 On branch updates
Jun 08 20:35:01 nothing to commit, working tree clean
Jun 08 20:40:01 On branch updates
Jun 08 20:40:01 nothing to commit, working tree clean
Jun 08 20:45:01 On branch updates
Jun 08 20:45:01 nothing to commit, working tree clean
Jun 08 20:50:01 On branch updates
Jun 08 20:50:01 nothing to commit, working tree clean
Jun 08 20:55:01 On branch updates
Jun 08 20:55:01 nothing to commit, working tree clean
Jun 08 21:00:01 On branch updates
Jun 08 21:00:01 nothing to commit, working tree clean
Jun 08 21:05:01 On branch updates
Jun 08 21:05:01 nothing to commit, working tree clean
Jun 08 21:10:01 On branch updates
Jun 08 21:10:01 nothing to commit, working tree clean
Jun 08 21:15:01 On branch updates
Jun 08 21:15:01 nothing to commit, working tree clean
Jun 08 21:20:01 On branch updates
Jun 08 21:20:01 nothing to commit, working tree clean
Jun 08 21:25:01 On branch updates
Jun 08 21:25:01 nothing to commit, working tree clean
Jun 08 21:30:01 On branch updates
Jun 08 21:30:01 nothing to commit, working tree clean
Jun 08 21:35:01 On branch updates
Jun 08 21:35:01 nothing to commit, working tree clean
Jun 08 21:40:01 On branch updates
Jun 08 21:40:01 nothing to commit, working tree clean
Jun 08 21:45:01 On branch updates
Jun 08 21:45:01 nothing to commit, working tree clean
Jun 08 21:50:01 On branch updates
Jun 08 21:50:01 nothing to commit, working tree clean
Jun 08 21:55:01 On branch updates
Jun 08 21:55:01 nothing to commit, working tree clean
Jun 08 22:00:01 On branch updates
Jun 08 22:00:01 nothing to commit, working tree clean
Jun 08 22:05:01 On branch updates
Jun 08 22:05:01 nothing to commit, working tree clean
Jun 08 22:10:01 On branch updates
Jun 08 22:10:01 nothing to commit, working tree clean
Jun 08 22:15:02 On branch updates
Jun 08 22:15:02 nothing to commit, working tree clean
Jun 08 22:20:01 On branch updates
Jun 08 22:20:01 nothing to commit, working tree clean
Jun 08 22:25:01 On branch updates
Jun 08 22:25:01 nothing to commit, working tree clean
Jun 08 22:30:01 On branch updates
Jun 08 22:30:01 nothing to commit, working tree clean
Jun 08 22:35:01 On branch updates
Jun 08 22:35:01 nothing to commit, working tree clean
Jun 08 22:40:01 On branch updates
Jun 08 22:40:01 nothing to commit, working tree clean
Jun 08 22:45:01 On branch updates
Jun 08 22:45:01 nothing to commit, working tree clean
Jun 08 22:50:01 On branch updates
Jun 08 22:50:01 nothing to commit, working tree clean
Jun 08 22:55:01 On branch updates
Jun 08 22:55:01 nothing to commit, working tree clean
Jun 08 23:00:01 On branch updates
Jun 08 23:00:01 nothing to commit, working tree clean
Jun 08 23:05:01 On branch updates
Jun 08 23:05:01 nothing to commit, working tree clean
Jun 08 23:10:01 On branch updates
Jun 08 23:10:01 nothing to commit, working tree clean
Jun 08 23:15:01 On branch updates
Jun 08 23:15:01 nothing to commit, working tree clean
Jun 08 23:20:01 On branch updates
Jun 08 23:20:01 nothing to commit, working tree clean
Jun 08 23:25:01 On branch updates
Jun 08 23:25:01 nothing to commit, working tree clean
Jun 08 23:30:01 On branch updates
Jun 08 23:30:01 nothing to commit, working tree clean
Jun 08 23:35:01 On branch updates
Jun 08 23:35:01 nothing to commit, working tree clean
Jun 08 23:40:01 On branch updates
Jun 08 23:40:01 nothing to commit, working tree clean
Jun 08 23:45:01 On branch updates
Jun 08 23:45:01 nothing to commit, working tree clean
Jun 08 23:50:01 On branch updates
Jun 08 23:50:01 nothing to commit, working tree clean
Jun 08 23:55:01 On branch updates
Jun 08 23:55:01 nothing to commit, working tree clean
Jun 09 00:00:01 On branch updates
Jun 09 00:00:01 nothing to commit, working tree clean
Jun 09 00:05:01 On branch updates
Jun 09 00:05:01 nothing to commit, working tree clean
Jun 09 00:10:01 On branch updates
Jun 09 00:10:01 nothing to commit, working tree clean
Jun 09 00:15:02 On branch updates
Jun 09 00:15:02 nothing to commit, working tree clean
Jun 09 00:20:01 On branch updates
Jun 09 00:20:01 nothing to commit, working tree clean
Jun 09 00:25:01 On branch updates
Jun 09 00:25:01 nothing to commit, working tree clean
Jun 09 00:30:01 On branch updates
Jun 09 00:30:01 nothing to commit, working tree clean
Jun 09 00:35:01 On branch updates
Jun 09 00:35:01 nothing to commit, working tree clean
Jun 09 00:40:01 On branch updates
Jun 09 00:40:01 nothing to commit, working tree clean
Jun 09 00:45:01 On branch updates
Jun 09 00:45:01 nothing to commit, working tree clean
Jun 09 00:50:01 On branch updates
Jun 09 00:50:01 nothing to commit, working tree clean
Jun 09 00:55:01 On branch updates
Jun 09 00:55:01 nothing to commit, working tree clean
Jun 09 01:00:01 On branch updates
Jun 09 01:00:01 nothing to commit, working tree clean
Jun 09 01:05:01 On branch updates
Jun 09 01:05:01 nothing to commit, working tree clean
Jun 09 01:10:01 On branch updates
Jun 09 01:10:01 nothing to commit, working tree clean
Jun 09 01:15:01 On branch updates
Jun 09 01:15:01 nothing to commit, working tree clean
Jun 09 01:20:01 On branch updates
Jun 09 01:20:01 nothing to commit, working tree clean
Jun 09 01:25:01 On branch updates
Jun 09 01:25:01 nothing to commit, working tree clean
Jun 09 01:30:01 On branch updates
Jun 09 01:30:01 nothing to commit, working tree clean
Jun 09 01:35:01 On branch updates
Jun 09 01:35:01 nothing to commit, working tree clean
Jun 09 01:40:01 On branch updates
Jun 09 01:40:01 nothing to commit, working tree clean
Jun 09 01:45:01 On branch updates
Jun 09 01:45:01 nothing to commit, working tree clean
Jun 09 01:50:01 On branch updates
Jun 09 01:50:01 nothing to commit, working tree clean
Jun 09 01:55:01 On branch updates
Jun 09 01:55:01 nothing to commit, working tree clean
Jun 09 02:00:01 On branch updates
Jun 09 02:00:01 nothing to commit, working tree clean
Jun 09 02:05:01 On branch updates
Jun 09 02:05:01 nothing to commit, working tree clean
Jun 09 02:10:01 On branch updates
Jun 09 02:10:01 nothing to commit, working tree clean
Jun 09 02:15:02 On branch updates
Jun 09 02:15:02 nothing to commit, working tree clean
Jun 09 02:20:01 On branch updates
Jun 09 02:20:01 nothing to commit, working tree clean
Jun 09 02:25:01 On branch updates
Jun 09 02:25:01 nothing to commit, working tree clean
Jun 09 02:30:01 On branch updates
Jun 09 02:30:01 nothing to commit, working tree clean
Jun 09 02:35:01 On branch updates
Jun 09 02:35:01 nothing to commit, working tree clean
Jun 09 02:40:01 On branch updates
Jun 09 02:40:01 nothing to commit, working tree clean
Jun 09 02:45:01 On branch updates
Jun 09 02:45:01 nothing to commit, working tree clean
Jun 09 02:50:01 On branch updates
Jun 09 02:50:01 nothing to commit, working tree clean
Jun 09 02:55:01 On branch updates
Jun 09 02:55:01 nothing to commit, working tree clean
Jun 09 03:00:01 On branch updates
Jun 09 03:00:01 nothing to commit, working tree clean
Jun 09 03:05:01 On branch updates
Jun 09 03:05:01 nothing to commit, working tree clean
Jun 09 03:10:01 On branch updates
Jun 09 03:10:01 nothing to commit, working tree clean
Jun 09 03:15:01 On branch updates
Jun 09 03:15:01 nothing to commit, working tree clean
Jun 09 03:20:01 On branch updates
Jun 09 03:20:01 nothing to commit, working tree clean
Jun 09 03:25:01 On branch updates
Jun 09 03:25:01 nothing to commit, working tree clean
Jun 09 03:30:01 On branch updates
Jun 09 03:30:01 nothing to commit, working tree clean
Jun 09 03:35:01 On branch updates
Jun 09 03:35:01 nothing to commit, working tree clean
Jun 09 03:40:01 On branch updates
Jun 09 03:40:01 nothing to commit, working tree clean
Jun 09 03:45:01 On branch updates
Jun 09 03:45:01 nothing to commit, working tree clean
Jun 09 03:50:01 On branch updates
Jun 09 03:50:01 nothing to commit, working tree clean
Jun 09 03:55:01 On branch updates
Jun 09 03:55:01 nothing to commit, working tree clean
Jun 09 04:00:01 On branch updates
Jun 09 04:00:01 nothing to commit, working tree clean
Jun 09 04:05:01 On branch updates
Jun 09 04:05:01 nothing to commit, working tree clean
Jun 09 04:10:01 On branch updates
Jun 09 04:10:01 nothing to commit, working tree clean
Jun 09 04:15:02 On branch updates
Jun 09 04:15:02 nothing to commit, working tree clean
Jun 09 04:20:01 On branch updates
Jun 09 04:20:01 nothing to commit, working tree clean
Jun 09 04:25:01 On branch updates
Jun 09 04:25:01 nothing to commit, working tree clean
Jun 09 04:30:01 On branch updates
Jun 09 04:30:01 nothing to commit, working tree clean
Jun 09 04:35:01 On branch updates
Jun 09 04:35:01 nothing to commit, working tree clean
Jun 09 04:40:01 On branch updates
Jun 09 04:40:01 nothing to commit, working tree clean
Jun 09 04:45:01 On branch updates
Jun 09 04:45:01 nothing to commit, working tree clean
Jun 09 04:50:01 On branch updates
Jun 09 04:50:01 nothing to commit, working tree clean
Jun 09 04:55:01 On branch updates
Jun 09 04:55:01 nothing to commit, working tree clean
Jun 09 05:00:01 On branch updates
Jun 09 05:00:01 nothing to commit, working tree clean
Jun 09 05:05:01 On branch updates
Jun 09 05:05:01 nothing to commit, working tree clean
Jun 09 05:10:01 On branch updates
Jun 09 05:10:01 nothing to commit, working tree clean
Jun 09 05:15:01 On branch updates
Jun 09 05:15:01 nothing to commit, working tree clean
Jun 09 05:20:01 On branch updates
Jun 09 05:20:01 nothing to commit, working tree clean
Jun 09 05:25:01 On branch updates
Jun 09 05:25:01 nothing to commit, working tree clean
Jun 09 05:30:01 On branch updates
Jun 09 05:30:01 nothing to commit, working tree clean
Jun 09 05:35:01 On branch updates
Jun 09 05:35:01 nothing to commit, working tree clean
Jun 09 05:40:01 On branch updates
Jun 09 05:40:01 nothing to commit, working tree clean
Jun 09 05:45:01 On branch updates
Jun 09 05:45:01 nothing to commit, working tree clean
Jun 09 05:50:01 On branch updates
Jun 09 05:50:01 nothing to commit, working tree clean
Jun 09 05:55:01 On branch updates
Jun 09 05:55:01 nothing to commit, working tree clean
Jun 09 06:00:01 On branch updates
Jun 09 06:00:01 nothing to commit, working tree clean
Jun 09 06:05:01 On branch updates
Jun 09 06:05:01 nothing to commit, working tree clean
Jun 09 06:10:01 On branch updates
Jun 09 06:10:01 nothing to commit, working tree clean
Jun 09 06:15:02 On branch updates
Jun 09 06:15:02 nothing to commit, working tree clean
Jun 09 06:20:01 On branch updates
Jun 09 06:20:01 nothing to commit, working tree clean
Jun 09 06:25:01 On branch updates
Jun 09 06:25:01 nothing to commit, working tree clean
Jun 09 06:30:01 On branch updates
Jun 09 06:30:01 nothing to commit, working tree clean
Jun 09 06:35:01 On branch updates
Jun 09 06:35:01 nothing to commit, working tree clean
Jun 09 06:40:01 On branch updates
Jun 09 06:40:01 nothing to commit, working tree clean
Jun 09 06:45:01 On branch updates
Jun 09 06:45:01 nothing to commit, working tree clean
Jun 09 06:50:01 On branch updates
Jun 09 06:50:01 nothing to commit, working tree clean
Jun 09 06:55:01 On branch updates
Jun 09 06:55:01 nothing to commit, working tree clean
Jun 09 07:00:01 On branch updates
Jun 09 07:00:01 nothing to commit, working tree clean
Jun 09 07:05:01 On branch updates
Jun 09 07:05:01 nothing to commit, working tree clean
Jun 09 07:10:01 On branch updates
Jun 09 07:10:01 nothing to commit, working tree clean
Jun 09 07:15:01 On branch updates
Jun 09 07:15:01 nothing to commit, working tree clean
Jun 09 07:20:01 On branch updates
Jun 09 07:20:01 nothing to commit, working tree clean
Jun 09 07:25:01 On branch updates
Jun 09 07:25:01 nothing to commit, working tree clean
Jun 09 07:30:01 On branch updates
Jun 09 07:30:01 nothing to commit, working tree clean
Jun 09 07:35:01 On branch updates
Jun 09 07:35:01 nothing to commit, working tree clean
Jun 09 07:40:01 On branch updates
Jun 09 07:40:01 nothing to commit, working tree clean
Jun 09 07:45:01 On branch updates
Jun 09 07:45:01 nothing to commit, working tree clean
Jun 09 07:50:01 On branch updates
Jun 09 07:50:01 nothing to commit, working tree clean
Jun 09 07:55:01 On branch updates
Jun 09 07:55:01 nothing to commit, working tree clean
Jun 09 08:00:01 On branch updates
Jun 09 08:00:01 nothing to commit, working tree clean
Jun 09 08:05:01 On branch updates
Jun 09 08:05:01 nothing to commit, working tree clean
Jun 09 08:10:01 On branch updates
Jun 09 08:10:01 nothing to commit, working tree clean
Jun 09 08:15:01 On branch updates
Jun 09 08:15:01 nothing to commit, working tree clean
Jun 09 08:20:01 On branch updates
Jun 09 08:20:01 nothing to commit, working tree clean
Jun 09 08:25:01 On branch updates
Jun 09 08:25:01 nothing to commit, working tree clean
Jun 09 08:30:01 On branch updates
Jun 09 08:30:01 nothing to commit, working tree clean
Jun 09 08:35:01 On branch updates
Jun 09 08:35:01 nothing to commit, working tree clean
Jun 09 08:40:01 On branch updates
Jun 09 08:40:01 nothing to commit, working tree clean
Jun 09 08:45:01 On branch updates
Jun 09 08:45:01 nothing to commit, working tree clean
Jun 09 08:50:01 On branch updates
Jun 09 08:50:01 nothing to commit, working tree clean
Jun 09 08:55:01 On branch updates
Jun 09 08:55:01 nothing to commit, working tree clean
Jun 09 09:00:01 On branch updates
Jun 09 09:00:01 nothing to commit, working tree clean
Jun 09 09:05:01 On branch updates
Jun 09 09:05:01 nothing to commit, working tree clean
Jun 09 09:10:01 On branch updates
Jun 09 09:10:01 nothing to commit, working tree clean
Jun 09 09:15:01 On branch updates
Jun 09 09:15:01 nothing to commit, working tree clean
Jun 09 09:20:01 On branch updates
Jun 09 09:20:01 nothing to commit, working tree clean
Jun 09 09:25:01 On branch updates
Jun 09 09:25:01 nothing to commit, working tree clean
Jun 09 09:30:01 On branch updates
Jun 09 09:30:01 nothing to commit, working tree clean
Jun 09 09:35:01 On branch updates
Jun 09 09:35:01 nothing to commit, working tree clean
Jun 09 09:40:01 On branch updates
Jun 09 09:40:01 nothing to commit, working tree clean
Jun 09 09:45:01 On branch updates
Jun 09 09:45:01 nothing to commit, working tree clean
Jun 09 09:50:01 On branch updates
Jun 09 09:50:01 nothing to commit, working tree clean
Jun 09 09:55:01 On branch updates
Jun 09 09:55:01 nothing to commit, working tree clean
Jun 09 10:00:01 On branch updates
Jun 09 10:00:01 nothing to commit, working tree clean
Jun 09 10:05:01 On branch updates
Jun 09 10:05:01 nothing to commit, working tree clean
Jun 09 10:10:01 On branch updates
Jun 09 10:10:01 nothing to commit, working tree clean
Jun 09 10:15:01 On branch updates
Jun 09 10:15:01 nothing to commit, working tree clean
Jun 09 10:20:01 On branch updates
Jun 09 10:20:01 nothing to commit, working tree clean
Jun 09 10:25:01 On branch updates
Jun 09 10:25:01 nothing to commit, working tree clean
Jun 09 10:30:01 On branch updates
Jun 09 10:30:01 nothing to commit, working tree clean
Jun 09 10:35:01 On branch updates
Jun 09 10:35:01 nothing to commit, working tree clean
Jun 09 10:40:01 On branch updates
Jun 09 10:40:01 nothing to commit, working tree clean
Jun 09 10:45:01 On branch updates
Jun 09 10:45:01 nothing to commit, working tree clean
Jun 09 17:00:01 On branch updates
Jun 09 17:00:01 nothing to commit, working tree clean
